<?xml version="1.0" encoding="UTF-8"?>
<testsuite name="net.silnote.joker.jokerdemo.JokerDemoApplicationTests" tests="1" skipped="0" failures="0" errors="0" timestamp="2022-11-02T16:25:35" hostname="cab-wsm-0033844" time="0.54">
  <properties/>
  <testcase name="contextLoads()" classname="net.silnote.joker.jokerdemo.JokerDemoApplicationTests" time="0.54"/>
  <system-out><![CDATA[19:25:30.393 [Test worker] DEBUG org.springframework.test.context.BootstrapUtils - Instantiating CacheAwareContextLoaderDelegate from class [org.springframework.test.context.cache.DefaultCacheAwareContextLoaderDelegate]
19:25:30.408 [Test worker] DEBUG org.springframework.test.context.BootstrapUtils - Instantiating BootstrapContext using constructor [public org.springframework.test.context.support.DefaultBootstrapContext(java.lang.Class,org.springframework.test.context.CacheAwareContextLoaderDelegate)]
19:25:30.447 [Test worker] DEBUG org.springframework.test.context.BootstrapUtils - Instantiating TestContextBootstrapper for test class [net.silnote.joker.jokerdemo.JokerDemoApplicationTests] from class [org.springframework.boot.test.context.SpringBootTestContextBootstrapper]
19:25:30.461 [Test worker] INFO org.springframework.boot.test.context.SpringBootTestContextBootstrapper - Neither @ContextConfiguration nor @ContextHierarchy found for test class [net.silnote.joker.jokerdemo.JokerDemoApplicationTests], using SpringBootContextLoader
19:25:30.465 [Test worker] DEBUG org.springframework.test.context.support.AbstractContextLoader - Did not detect default resource location for test class [net.silnote.joker.jokerdemo.JokerDemoApplicationTests]: class path resource [net/silnote/joker/jokerdemo/JokerDemoApplicationTests-context.xml] does not exist
19:25:30.466 [Test worker] DEBUG org.springframework.test.context.support.AbstractContextLoader - Did not detect default resource location for test class [net.silnote.joker.jokerdemo.JokerDemoApplicationTests]: class path resource [net/silnote/joker/jokerdemo/JokerDemoApplicationTestsContext.groovy] does not exist
19:25:30.466 [Test worker] INFO org.springframework.test.context.support.AbstractContextLoader - Could not detect default resource locations for test class [net.silnote.joker.jokerdemo.JokerDemoApplicationTests]: no resource found for suffixes {-context.xml, Context.groovy}.
19:25:30.467 [Test worker] INFO org.springframework.test.context.support.AnnotationConfigContextLoaderUtils - Could not detect default configuration classes for test class [net.silnote.joker.jokerdemo.JokerDemoApplicationTests]: JokerDemoApplicationTests does not declare any static, non-private, non-final, nested classes annotated with @Configuration.
19:25:30.528 [Test worker] DEBUG org.springframework.test.context.support.ActiveProfilesUtils - Could not find an 'annotation declaring class' for annotation type [org.springframework.test.context.ActiveProfiles] and class [net.silnote.joker.jokerdemo.JokerDemoApplicationTests]
19:25:30.613 [Test worker] DEBUG org.springframework.context.annotation.ClassPathScanningCandidateComponentProvider - Identified candidate component class: file [/Users/17908803/IdeaProjects/joker-demo/build/classes/java/main/net/silnote/joker/jokerdemo/JokerDemoApplication.class]
19:25:30.614 [Test worker] INFO org.springframework.boot.test.context.SpringBootTestContextBootstrapper - Found @SpringBootConfiguration net.silnote.joker.jokerdemo.JokerDemoApplication for test class net.silnote.joker.jokerdemo.JokerDemoApplicationTests
19:25:30.726 [Test worker] DEBUG org.springframework.boot.test.context.SpringBootTestContextBootstrapper - @TestExecutionListeners is not present for class [net.silnote.joker.jokerdemo.JokerDemoApplicationTests]: using defaults.
19:25:30.726 [Test worker] INFO org.springframework.boot.test.context.SpringBootTestContextBootstrapper - Loaded default TestExecutionListener class names from location [META-INF/spring.factories]: [org.springframework.boot.test.autoconfigure.restdocs.RestDocsTestExecutionListener, org.springframework.boot.test.autoconfigure.web.client.MockRestServiceServerResetTestExecutionListener, org.springframework.boot.test.autoconfigure.web.servlet.MockMvcPrintOnlyOnFailureTestExecutionListener, org.springframework.boot.test.autoconfigure.web.servlet.WebDriverTestExecutionListener, org.springframework.boot.test.autoconfigure.webservices.client.MockWebServiceServerTestExecutionListener, org.springframework.boot.test.mock.mockito.MockitoTestExecutionListener, org.springframework.boot.test.mock.mockito.ResetMocksTestExecutionListener, org.springframework.test.context.web.ServletTestExecutionListener, org.springframework.test.context.support.DirtiesContextBeforeModesTestExecutionListener, org.springframework.test.context.event.ApplicationEventsTestExecutionListener, org.springframework.test.context.support.DependencyInjectionTestExecutionListener, org.springframework.test.context.support.DirtiesContextTestExecutionListener, org.springframework.test.context.transaction.TransactionalTestExecutionListener, org.springframework.test.context.jdbc.SqlScriptsTestExecutionListener, org.springframework.test.context.event.EventPublishingTestExecutionListener]
19:25:30.742 [Test worker] DEBUG org.springframework.boot.test.context.SpringBootTestContextBootstrapper - Skipping candidate TestExecutionListener [org.springframework.test.context.transaction.TransactionalTestExecutionListener] due to a missing dependency. Specify custom listener classes or make the default listener classes and their required dependencies available. Offending class: [org/springframework/transaction/TransactionDefinition]
19:25:30.743 [Test worker] DEBUG org.springframework.boot.test.context.SpringBootTestContextBootstrapper - Skipping candidate TestExecutionListener [org.springframework.test.context.jdbc.SqlScriptsTestExecutionListener] due to a missing dependency. Specify custom listener classes or make the default listener classes and their required dependencies available. Offending class: [org/springframework/transaction/interceptor/TransactionAttribute]
19:25:30.743 [Test worker] INFO org.springframework.boot.test.context.SpringBootTestContextBootstrapper - Using TestExecutionListeners: [org.springframework.test.context.web.ServletTestExecutionListener@5305c37d, org.springframework.test.context.support.DirtiesContextBeforeModesTestExecutionListener@51a06cbe, org.springframework.test.context.event.ApplicationEventsTestExecutionListener@3dddbe65, org.springframework.boot.test.mock.mockito.MockitoTestExecutionListener@49a64d82, org.springframework.boot.test.autoconfigure.SpringBootDependencyInjectionTestExecutionListener@344561e0, org.springframework.test.context.support.DirtiesContextTestExecutionListener@66d23e4a, org.springframework.test.context.event.EventPublishingTestExecutionListener@36ac8a63, org.springframework.boot.test.autoconfigure.restdocs.RestDocsTestExecutionListener@4d9d1b69, org.springframework.boot.test.autoconfigure.web.client.MockRestServiceServerResetTestExecutionListener@52c8295b, org.springframework.boot.test.autoconfigure.web.servlet.MockMvcPrintOnlyOnFailureTestExecutionListener@251f7d26, org.springframework.boot.test.autoconfigure.web.servlet.WebDriverTestExecutionListener@77b21474, org.springframework.boot.test.autoconfigure.webservices.client.MockWebServiceServerTestExecutionListener@52d10fb8, org.springframework.boot.test.mock.mockito.ResetMocksTestExecutionListener@41c07648]
19:25:30.748 [Test worker] DEBUG org.springframework.test.context.support.AbstractDirtiesContextTestExecutionListener - Before test class: context [DefaultTestContext@7cd1ac19 testClass = JokerDemoApplicationTests, testInstance = [null], testMethod = [null], testException = [null], mergedContextConfiguration = [WebMergedContextConfiguration@2f40a43 testClass = JokerDemoApplicationTests, locations = '{}', classes = '{class net.silnote.joker.jokerdemo.JokerDemoApplication}', contextInitializerClasses = '[]', activeProfiles = '{}', propertySourceLocations = '{}', propertySourceProperties = '{org.springframework.boot.test.context.SpringBootTestContextBootstrapper=true}', contextCustomizers = set[org.springframework.boot.test.autoconfigure.actuate.metrics.MetricsExportContextCustomizerFactory$DisableMetricExportContextCustomizer@39ad977d, org.springframework.boot.test.autoconfigure.properties.PropertyMappingContextCustomizer@0, org.springframework.boot.test.autoconfigure.web.servlet.WebDriverContextCustomizerFactory$Customizer@665df3c6, org.springframework.boot.test.context.filter.ExcludeFilterContextCustomizer@5c00384f, org.springframework.boot.test.json.DuplicateJsonObjectContextCustomizerFactory$DuplicateJsonObjectContextCustomizer@7b8233cd, org.springframework.boot.test.mock.mockito.MockitoContextCustomizer@0, org.springframework.boot.test.web.client.TestRestTemplateContextCustomizer@16746061, org.springframework.boot.test.context.SpringBootTestArgs@1, org.springframework.boot.test.context.SpringBootTestWebEnvironment@4e0ae11f], resourceBasePath = 'src/main/webapp', contextLoader = 'org.springframework.boot.test.context.SpringBootContextLoader', parent = [null]], attributes = map['org.springframework.test.context.web.ServletTestExecutionListener.activateListener' -> true]], class annotated with @DirtiesContext [false] with mode [null].

  .   ____          _            __ _ _
 /\\ / ___'_ __ _ _(_)_ __  __ _ \ \ \ \
( ( )\___ | '_ | '_| | '_ \/ _` | \ \ \ \
 \\/  ___)| |_)| | | | | || (_| |  ) ) ) )
  '  |____| .__|_| |_|_| |_\__, | / / / /
 =========|_|==============|___/=/_/_/_/
 :: Spring Boot ::                (v2.7.3)

]]></system-out>
  <system-err><![CDATA[]]></system-err>
</testsuite>
